<?xml version="1.0" encoding="UTF-8"?>
<!-- Generated by org.testng.reporters.JUnitXMLReporter -->
<testsuite hostname="Andrews-MacBook-Pro.local" name="Command line test" tests="3" failures="0" timestamp="28 Jun 2018 17:30:40 GMT" time="25.201" errors="0">
  <testcase name="loginPageTitleTest" time="0.029" classname="com.andrei.test.testcases.LoginPageTest"/>
  <testcase name="loginTest" time="4.818" classname="com.andrei.test.testcases.LoginPageTest"/>
  <testcase name="verifyBrowseLinkTest" time="1.086" classname="com.andrei.test.testcases.HomePageTest"/>
</testsuite> <!-- Command line test -->
