<?xml version="1.0" encoding="UTF-8"?>
<testng-results skipped="0" failed="0" total="3" passed="3">
  <reporter-output>
  </reporter-output>
  <suite name="Command line suite" duration-ms="25201" started-at="2018-06-28T17:30:15Z" finished-at="2018-06-28T17:30:40Z">
    <groups>
    </groups>
    <test name="Command line test" duration-ms="25201" started-at="2018-06-28T17:30:15Z" finished-at="2018-06-28T17:30:40Z">
      <class name="com.andrei.test.testcases.LoginPageTest">
        <test-method status="PASS" signature="setUp()[pri:0, instance:com.andrei.test.testcases.LoginPageTest@77b52d12]" name="setUp" is-config="true" duration-ms="5408" started-at="2018-06-28T13:30:15Z" finished-at="2018-06-28T13:30:20Z">
          <reporter-output>
          </reporter-output>
        </test-method> <!-- setUp -->
        <test-method status="PASS" signature="loginPageTitleTest()[pri:0, instance:com.andrei.test.testcases.LoginPageTest@77b52d12]" name="loginPageTitleTest" duration-ms="29" started-at="2018-06-28T13:30:20Z" finished-at="2018-06-28T13:30:20Z">
          <reporter-output>
          </reporter-output>
        </test-method> <!-- loginPageTitleTest -->
        <test-method status="PASS" signature="tearDown()[pri:0, instance:com.andrei.test.testcases.LoginPageTest@77b52d12]" name="tearDown" is-config="true" duration-ms="102" started-at="2018-06-28T13:30:20Z" finished-at="2018-06-28T13:30:20Z">
          <reporter-output>
          </reporter-output>
        </test-method> <!-- tearDown -->
        <test-method status="PASS" signature="setUp()[pri:0, instance:com.andrei.test.testcases.LoginPageTest@77b52d12]" name="setUp" is-config="true" duration-ms="4951" started-at="2018-06-28T13:30:20Z" finished-at="2018-06-28T13:30:25Z">
          <reporter-output>
          </reporter-output>
        </test-method> <!-- setUp -->
        <test-method status="PASS" signature="loginTest()[pri:0, instance:com.andrei.test.testcases.LoginPageTest@77b52d12]" name="loginTest" duration-ms="4818" started-at="2018-06-28T13:30:25Z" finished-at="2018-06-28T13:30:30Z">
          <reporter-output>
          </reporter-output>
        </test-method> <!-- loginTest -->
        <test-method status="PASS" signature="tearDown()[pri:0, instance:com.andrei.test.testcases.LoginPageTest@77b52d12]" name="tearDown" is-config="true" duration-ms="110" started-at="2018-06-28T13:30:30Z" finished-at="2018-06-28T13:30:30Z">
          <reporter-output>
          </reporter-output>
        </test-method> <!-- tearDown -->
      </class> <!-- com.andrei.test.testcases.LoginPageTest -->
      <class name="com.andrei.test.testcases.HomePageTest">
        <test-method status="PASS" signature="setUp()[pri:0, instance:com.andrei.test.testcases.HomePageTest@735f7ae5]" name="setUp" is-config="true" duration-ms="8553" started-at="2018-06-28T13:30:30Z" finished-at="2018-06-28T13:30:39Z">
          <reporter-output>
          </reporter-output>
        </test-method> <!-- setUp -->
        <test-method status="PASS" signature="verifyBrowseLinkTest()[pri:0, instance:com.andrei.test.testcases.HomePageTest@735f7ae5]" name="verifyBrowseLinkTest" duration-ms="1086" started-at="2018-06-28T13:30:39Z" finished-at="2018-06-28T13:30:40Z">
          <reporter-output>
          </reporter-output>
        </test-method> <!-- verifyBrowseLinkTest -->
        <test-method status="PASS" signature="tearDown()[pri:0, instance:com.andrei.test.testcases.HomePageTest@735f7ae5]" name="tearDown" is-config="true" duration-ms="118" started-at="2018-06-28T13:30:40Z" finished-at="2018-06-28T13:30:40Z">
          <reporter-output>
          </reporter-output>
        </test-method> <!-- tearDown -->
      </class> <!-- com.andrei.test.testcases.HomePageTest -->
    </test> <!-- Command line test -->
  </suite> <!-- Command line suite -->
</testng-results>
