<?xml version="1.0" encoding="UTF-8"?>
<testng-results skipped="0" failed="0" total="3" passed="3">
  <reporter-output>
  </reporter-output>
  <suite name="Pluralsight Automation Test Suite" duration-ms="21422" started-at="2018-06-28T17:47:12Z" finished-at="2018-06-28T17:47:34Z">
    <groups>
    </groups>
    <test name="Pluralsight Test Cases" duration-ms="21422" started-at="2018-06-28T17:47:12Z" finished-at="2018-06-28T17:47:34Z">
      <class name="com.andrei.test.testcases.LoginPageTest">
        <test-method status="PASS" signature="setUp()[pri:0, instance:com.andrei.test.testcases.LoginPageTest@68c4039c]" name="setUp" is-config="true" duration-ms="5028" started-at="2018-06-28T13:47:12Z" finished-at="2018-06-28T13:47:17Z">
          <reporter-output>
          </reporter-output>
        </test-method> <!-- setUp -->
        <test-method status="PASS" signature="loginPageTitleTest()[pri:0, instance:com.andrei.test.testcases.LoginPageTest@68c4039c]" name="loginPageTitleTest" duration-ms="40" started-at="2018-06-28T13:47:17Z" finished-at="2018-06-28T13:47:17Z">
          <reporter-output>
          </reporter-output>
        </test-method> <!-- loginPageTitleTest -->
        <test-method status="PASS" signature="tearDown()[pri:0, instance:com.andrei.test.testcases.LoginPageTest@68c4039c]" name="tearDown" is-config="true" duration-ms="122" started-at="2018-06-28T13:47:17Z" finished-at="2018-06-28T13:47:17Z">
          <reporter-output>
          </reporter-output>
        </test-method> <!-- tearDown -->
        <test-method status="PASS" signature="setUp()[pri:0, instance:com.andrei.test.testcases.LoginPageTest@68c4039c]" name="setUp" is-config="true" duration-ms="4035" started-at="2018-06-28T13:47:17Z" finished-at="2018-06-28T13:47:21Z">
          <reporter-output>
          </reporter-output>
        </test-method> <!-- setUp -->
        <test-method status="PASS" signature="loginTest()[pri:0, instance:com.andrei.test.testcases.LoginPageTest@68c4039c]" name="loginTest" duration-ms="3259" started-at="2018-06-28T13:47:21Z" finished-at="2018-06-28T13:47:25Z">
          <reporter-output>
          </reporter-output>
        </test-method> <!-- loginTest -->
        <test-method status="PASS" signature="tearDown()[pri:0, instance:com.andrei.test.testcases.LoginPageTest@68c4039c]" name="tearDown" is-config="true" duration-ms="106" started-at="2018-06-28T13:47:25Z" finished-at="2018-06-28T13:47:25Z">
          <reporter-output>
          </reporter-output>
        </test-method> <!-- tearDown -->
      </class> <!-- com.andrei.test.testcases.LoginPageTest -->
      <class name="com.andrei.test.testcases.HomePageTest">
        <test-method status="PASS" signature="setUp()[pri:0, instance:com.andrei.test.testcases.HomePageTest@91161c7]" name="setUp" is-config="true" duration-ms="7268" started-at="2018-06-28T13:47:25Z" finished-at="2018-06-28T13:47:32Z">
          <reporter-output>
          </reporter-output>
        </test-method> <!-- setUp -->
        <test-method status="PASS" signature="verifyBrowseLinkTest()[pri:0, instance:com.andrei.test.testcases.HomePageTest@91161c7]" name="verifyBrowseLinkTest" duration-ms="1409" started-at="2018-06-28T13:47:32Z" finished-at="2018-06-28T13:47:33Z">
          <reporter-output>
          </reporter-output>
        </test-method> <!-- verifyBrowseLinkTest -->
        <test-method status="PASS" signature="tearDown()[pri:0, instance:com.andrei.test.testcases.HomePageTest@91161c7]" name="tearDown" is-config="true" duration-ms="129" started-at="2018-06-28T13:47:33Z" finished-at="2018-06-28T13:47:34Z">
          <reporter-output>
          </reporter-output>
        </test-method> <!-- tearDown -->
      </class> <!-- com.andrei.test.testcases.HomePageTest -->
    </test> <!-- Pluralsight Test Cases -->
  </suite> <!-- Pluralsight Automation Test Suite -->
</testng-results>
