<?xml version="1.0" encoding="UTF-8"?>
<!-- Generated by org.testng.reporters.JUnitXMLReporter -->
<testsuite hostname="Andrews-MacBook-Pro.local" name="Pluralsight Test Cases" tests="3" failures="0" timestamp="28 Jun 2018 17:47:34 GMT" time="21.422" errors="0">
  <testcase name="loginPageTitleTest" time="0.04" classname="com.andrei.test.testcases.LoginPageTest"/>
  <testcase name="loginTest" time="3.259" classname="com.andrei.test.testcases.LoginPageTest"/>
  <testcase name="verifyBrowseLinkTest" time="1.409" classname="com.andrei.test.testcases.HomePageTest"/>
</testsuite> <!-- Pluralsight Test Cases -->
